[2026-02-16T14:36:18.470Z] createProduct called with: {"sku":"PUNT-100","name":"Miguel Ángel De La Vega Deus","category":"Accesorios","stock":3,"costCup":2100,"costUsd":5,"saleCup":2730,"saleUsd":6.5,"status":"low_stock","lowStockThreshold":10,"specs":{"costCup":2100,"saleCup":2730,"weightedCost":0,"useWeightedCost":false}}
[2026-02-16T21:23:37.658Z] createProduct called with: {"sku":"","name":"Cable 4 AWG","category":"Fijación","stock":1,"costCup":0,"costUsd":0,"saleCup":0,"saleUsd":0,"status":"low_stock","lowStockThreshold":10,"specs":{"costCup":0,"saleCup":0,"weightedCost":0,"useWeightedCost":false}}
[2026-02-19T13:46:05.344Z] createProduct called with: {"name":"Panel Solar 450W","category":"Paneles","stock":150,"costCup":5000,"costUsd":180,"saleCup":7500,"saleUsd":250,"status":"in_stock","lowStockThreshold":10,"description":"Panel monocristalino de alta eficiencia"}
[2026-02-19T13:46:05.537Z] createProduct called with: {"name":"Inversor Híbrido 5kW","category":"Inversores","stock":20,"costCup":25000,"costUsd":800,"saleCup":45000,"saleUsd":1200,"status":"in_stock","lowStockThreshold":5,"description":"Inversor de onda pura con cargador MPPT"}
[2026-02-19T13:46:14.125Z] createProduct called with: {"name":"Panel Solar 450W","category":"Paneles","stock":150,"costCup":5000,"costUsd":180,"saleCup":7500,"saleUsd":250,"status":"in_stock","lowStockThreshold":10,"description":"Panel monocristalino de alta eficiencia"}
[2026-02-19T13:46:14.268Z] createProduct called with: {"name":"Inversor Híbrido 5kW","category":"Inversores","stock":20,"costCup":25000,"costUsd":800,"saleCup":45000,"saleUsd":1200,"status":"in_stock","lowStockThreshold":5,"description":"Inversor de onda pura con cargador MPPT"}
[2026-02-19T13:46:14.425Z] createProduct called with: {"name":"Batería LiFePO4 48V 100Ah","category":"Baterías","stock":5,"costCup":35000,"costUsd":1100,"saleCup":60000,"saleUsd":1600,"status":"low_stock","lowStockThreshold":10,"description":"Batería de litio de ciclo profundo"}
[2026-02-19T13:46:14.573Z] createProduct called with: {"name":"Cable Solar 6mm","category":"Cableado","stock":500,"costCup":50,"costUsd":1.5,"saleCup":100,"saleUsd":3,"status":"in_stock","lowStockThreshold":100,"description":"Cable PV resistente UV"}
[2026-02-19T13:46:14.724Z] createProduct called with: {"name":"Conector MC4 Par","category":"Conectores","stock":0,"costCup":150,"costUsd":2,"saleCup":500,"saleUsd":5,"status":"out_of_stock","lowStockThreshold":50,"description":"Par de conectores macho/hembra"}
[2026-02-19T23:04:05.051Z] createProduct called with: {"sku":"asdsadsa","name":"","category":"Fijación","stock":0,"costCup":0,"costUsd":0,"saleCup":0,"saleUsd":0,"status":"out_of_stock","lowStockThreshold":10,"specs":{"costCup":0,"saleCup":0,"weightedCost":0,"useWeightedCost":false}}
[2026-02-19T23:04:14.904Z] createProduct called with: {"sku":"asdsadsa","name":"","category":"Fijación","stock":0,"costCup":0,"costUsd":0,"saleCup":0,"saleUsd":0,"status":"out_of_stock","lowStockThreshold":10,"specs":{"costCup":0,"saleCup":0,"weightedCost":0,"useWeightedCost":false}}
[2026-02-19T23:04:31.575Z] createProduct called with: {"sku":"asdsadsa","name":"","category":"Fijación","stock":0,"costCup":0,"costUsd":0,"saleCup":0,"saleUsd":0,"status":"out_of_stock","lowStockThreshold":10,"specs":{"costCup":0,"saleCup":0,"weightedCost":0,"useWeightedCost":false}}
[2026-02-19T23:05:38.735Z] createProduct called with: {"sku":"122222","name":"Un pinga e un palo","category":"","stock":0,"costCup":0,"costUsd":0,"saleCup":0,"saleUsd":0,"status":"out_of_stock","lowStockThreshold":10,"specs":{"costCup":0,"saleCup":0,"weightedCost":0,"useWeightedCost":false}}
[2026-02-19T23:06:21.159Z] createProduct called with: {"sku":"asdsadsa","name":"","category":"Fijación","stock":0,"costCup":0,"costUsd":0,"saleCup":0,"saleUsd":0,"status":"out_of_stock","lowStockThreshold":10,"specs":{"costCup":0,"saleCup":0,"weightedCost":0,"useWeightedCost":false}}
[2026-02-19T23:06:57.181Z] createProduct called with: {"sku":"asdsadsa","name":"","category":"Fijación","stock":0,"costCup":0,"costUsd":0,"saleCup":0,"saleUsd":0,"status":"out_of_stock","lowStockThreshold":10,"specs":{"costCup":0,"saleCup":0,"weightedCost":0,"useWeightedCost":false}}
[2026-02-19T23:10:09.122Z] createProduct called with: {"sku":"asdsadsa","name":"","category":"Fijación","stock":0,"costCup":0,"costUsd":0,"saleCup":0,"saleUsd":0,"status":"out_of_stock","lowStockThreshold":10,"specs":{"costCup":0,"saleCup":0,"weightedCost":0,"useWeightedCost":false}}
[2026-02-19T23:10:49.490Z] createProduct called with: {"sku":"asdsadsa","name":"","category":"Fijación","stock":0,"costCup":0,"costUsd":0,"saleCup":0,"saleUsd":0,"status":"out_of_stock","lowStockThreshold":10,"specs":{"costCup":0,"saleCup":0,"weightedCost":0,"useWeightedCost":false}}
[2026-02-19T23:23:40.492Z] createProduct called with: {"sku":"asdsadsa","name":"","category":"Fijación","stock":0,"costCup":0,"costUsd":0,"saleCup":0,"saleUsd":0,"status":"out_of_stock","lowStockThreshold":10,"specs":{"costCup":0,"saleCup":0,"weightedCost":0,"useWeightedCost":false}}
[2026-02-19T23:26:23.353Z] createProduct called with: {"sku":"asdsadsa","name":"","category":"Fijación","stock":0,"costCup":0,"costUsd":0,"saleCup":0,"saleUsd":0,"status":"out_of_stock","lowStockThreshold":10,"specs":{"costCup":0,"saleCup":0,"weightedCost":0,"useWeightedCost":false}}
[2026-02-19T23:26:58.937Z] createProduct called with: {"sku":"122223","name":"","category":"","stock":0,"costCup":0,"costUsd":0,"saleCup":0,"saleUsd":0,"status":"out_of_stock","lowStockThreshold":10,"specs":{"costCup":0,"saleCup":0,"weightedCost":0,"useWeightedCost":false}}
[2026-02-19T23:29:18.503Z] createProduct called with: {"sku":"asdsadsa","name":"","category":"Fijación","stock":0,"costCup":0,"costUsd":0,"saleCup":0,"saleUsd":0,"status":"out_of_stock","lowStockThreshold":10,"specs":{"costCup":0,"saleCup":0,"weightedCost":0,"useWeightedCost":false}}
[2026-02-19T23:29:18.584Z] createProduct called with: {"sku":"122223","name":"","category":"","stock":0,"costCup":0,"costUsd":0,"saleCup":0,"saleUsd":0,"status":"out_of_stock","lowStockThreshold":10,"specs":{"costCup":0,"saleCup":0,"weightedCost":0,"useWeightedCost":false}}
[2026-02-20T09:24:50.694Z] createProduct called with: {"sku":"asdsadsa","name":"","category":"Fijación","stock":0,"costCup":0,"costUsd":0,"saleCup":0,"saleUsd":0,"status":"out_of_stock","lowStockThreshold":10,"specs":{"costCup":0,"saleCup":0,"weightedCost":0,"useWeightedCost":false}}
[2026-02-20T09:24:50.714Z] createProduct called with: {"sku":"122223","name":"","category":"","stock":0,"costCup":0,"costUsd":0,"saleCup":0,"saleUsd":0,"status":"out_of_stock","lowStockThreshold":10,"specs":{"costCup":0,"saleCup":0,"weightedCost":0,"useWeightedCost":false}}
[2026-02-20T09:25:28.860Z] createProduct called with: {"sku":"122223","name":"","category":"","stock":0,"costCup":0,"costUsd":0,"saleCup":0,"saleUsd":0,"status":"out_of_stock","lowStockThreshold":10,"specs":{"costCup":0,"saleCup":0,"weightedCost":0,"useWeightedCost":false}}
[2026-02-20T09:40:01.991Z] createProduct called with: {"sku":"","name":"Miguel Ángel De La Vega Deus","category":"Fijación","stock":0,"costCup":0,"costUsd":0,"saleCup":0,"saleUsd":0,"status":"out_of_stock","lowStockThreshold":10,"specs":{"costCup":0,"saleCup":0,"weightedCost":0,"useWeightedCost":false}}
[2026-02-20T09:59:21.653Z] createProduct called with: {"sku":"00001","name":"Gestoria HOL","category":"Accesorios","stock":0,"costCup":0,"costUsd":0,"saleCup":0,"saleUsd":0,"status":"out_of_stock","lowStockThreshold":10,"specs":{"costCup":0,"saleCup":0,"weightedCost":0,"useWeightedCost":false}}
[2026-02-20T10:01:28.020Z] createProduct called with: {"sku":"00001","name":"Cable 4 AWG","category":"","stock":0,"costCup":0,"costUsd":0,"saleCup":0,"saleUsd":0,"status":"out_of_stock","lowStockThreshold":10,"specs":{"costCup":0,"saleCup":0,"weightedCost":0,"useWeightedCost":false}}
[2026-02-20T10:08:24.340Z] createProduct called with: {"sku":"00002","name":"Gestoria HOL","category":"Fijación","stock":0,"costCup":0,"costUsd":0,"saleCup":0,"saleUsd":0,"status":"out_of_stock","lowStockThreshold":10,"specs":{"costCup":0,"saleCup":0,"weightedCost":0,"useWeightedCost":false}}
[2026-02-20T10:20:26.954Z] createProduct called with: {"sku":"00001","name":"Gestoria HOL","category":"","stock":0,"costCup":0,"costUsd":0,"saleCup":0,"saleUsd":0,"status":"out_of_stock","lowStockThreshold":10,"weightedCost":0,"useWeightedCost":true}
[2026-02-20T10:22:07.636Z] createProduct called with: {"sku":"00002","name":"Cable 4 AWG","category":"Fijación","stock":0,"costCup":0,"costUsd":0,"saleCup":0,"saleUsd":0,"status":"out_of_stock","lowStockThreshold":10,"weightedCost":0,"useWeightedCost":false}
[2026-02-20T10:24:46.866Z] createProduct called with: {"sku":"00003","name":"Cable 66 AWG","category":"Accesorios","stock":0,"costCup":0,"costUsd":0,"saleCup":0,"saleUsd":0,"status":"out_of_stock","lowStockThreshold":10,"weightedCost":0,"useWeightedCost":false}
[2026-02-20T12:22:27.065Z] createProduct called with: {"sku":"00004","name":"Hector","category":"","stock":0,"costCup":0,"costUsd":0,"saleCup":0,"saleUsd":0,"status":"out_of_stock","lowStockThreshold":10,"weightedCost":0,"useWeightedCost":false}
[2026-02-20T16:20:31.037Z] createProduct called with: {"sku":"00005","name":"Cable 4123123 AWG","category":"","stock":0,"costCup":0,"costUsd":0,"saleCup":0,"saleUsd":0,"status":"out_of_stock","lowStockThreshold":10,"weightedCost":0,"useWeightedCost":true}
[2026-02-20T16:58:31.568Z] createProduct called with: {"name":"Panel Solar 450W","category":"Paneles","stock":150,"costCup":5000,"costUsd":180,"saleCup":7500,"saleUsd":250,"status":"in_stock","lowStockThreshold":10,"description":"Panel monocristalino de alta eficiencia"}
[2026-02-20T16:58:32.449Z] createProduct called with: {"name":"Inversor Híbrido 5kW","category":"Inversores","stock":20,"costCup":25000,"costUsd":800,"saleCup":45000,"saleUsd":1200,"status":"in_stock","lowStockThreshold":5,"description":"Inversor de onda pura con cargador MPPT"}
[2026-02-20T16:58:34.188Z] createProduct called with: {"name":"Batería LiFePO4 48V 100Ah","category":"Baterías","stock":5,"costCup":35000,"costUsd":1100,"saleCup":60000,"saleUsd":1600,"status":"low_stock","lowStockThreshold":10,"description":"Batería de litio de ciclo profundo"}
[2026-02-20T16:58:34.499Z] createProduct called with: {"name":"Cable Solar 6mm","category":"Cableado","stock":500,"costCup":50,"costUsd":1.5,"saleCup":100,"saleUsd":3,"status":"in_stock","lowStockThreshold":100,"description":"Cable PV resistente UV"}
[2026-02-20T16:58:34.726Z] createProduct called with: {"name":"Conector MC4 Par","category":"Conectores","stock":0,"costCup":150,"costUsd":2,"saleCup":500,"saleUsd":5,"status":"out_of_stock","lowStockThreshold":50,"description":"Par de conectores macho/hembra"}
[2026-02-20T16:58:37.078Z] createProduct called with: {"name":"Panel Solar 450W","category":"Paneles","stock":150,"costCup":5000,"costUsd":180,"saleCup":7500,"saleUsd":250,"status":"in_stock","lowStockThreshold":10,"description":"Panel monocristalino de alta eficiencia"}
[2026-02-20T16:58:37.196Z] createProduct called with: {"name":"Inversor Híbrido 5kW","category":"Inversores","stock":20,"costCup":25000,"costUsd":800,"saleCup":45000,"saleUsd":1200,"status":"in_stock","lowStockThreshold":5,"description":"Inversor de onda pura con cargador MPPT"}
[2026-02-20T16:58:37.253Z] createProduct called with: {"name":"Batería LiFePO4 48V 100Ah","category":"Baterías","stock":5,"costCup":35000,"costUsd":1100,"saleCup":60000,"saleUsd":1600,"status":"low_stock","lowStockThreshold":10,"description":"Batería de litio de ciclo profundo"}
[2026-02-20T16:58:37.305Z] createProduct called with: {"name":"Cable Solar 6mm","category":"Cableado","stock":500,"costCup":50,"costUsd":1.5,"saleCup":100,"saleUsd":3,"status":"in_stock","lowStockThreshold":100,"description":"Cable PV resistente UV"}
[2026-02-20T16:58:37.354Z] createProduct called with: {"name":"Conector MC4 Par","category":"Conectores","stock":0,"costCup":150,"costUsd":2,"saleCup":500,"saleUsd":5,"status":"out_of_stock","lowStockThreshold":50,"description":"Par de conectores macho/hembra"}
[2026-02-20T16:59:56.762Z] createProduct called with: {"sku":"00006","name":"asa","category":"","stock":0,"costCup":0,"costUsd":0,"saleCup":0,"saleUsd":0,"status":"out_of_stock","lowStockThreshold":10,"weightedCost":0,"useWeightedCost":true}
[2026-02-20T16:59:59.539Z] createProduct called with: {"sku":"00007","name":"bbb","category":"","stock":0,"costCup":0,"costUsd":0,"saleCup":0,"saleUsd":0,"status":"out_of_stock","lowStockThreshold":10,"weightedCost":0,"useWeightedCost":true}
[2026-02-20T16:59:59.728Z] createProduct called with: {"sku":"00007","name":"bbb","category":"","stock":0,"costCup":0,"costUsd":0,"saleCup":0,"saleUsd":0,"status":"out_of_stock","lowStockThreshold":10,"weightedCost":0,"useWeightedCost":true}
[2026-02-20T17:00:02.149Z] createProduct called with: {"sku":"00008","name":"casacsac","category":"","stock":0,"costCup":0,"costUsd":0,"saleCup":0,"saleUsd":0,"status":"out_of_stock","lowStockThreshold":10,"weightedCost":0,"useWeightedCost":true}
[2026-02-20T17:00:04.520Z] createProduct called with: {"sku":"00009","name":"12312asd","category":"","stock":0,"costCup":0,"costUsd":0,"saleCup":0,"saleUsd":0,"status":"out_of_stock","lowStockThreshold":10,"weightedCost":0,"useWeightedCost":true}
[2026-02-20T17:00:07.281Z] createProduct called with: {"sku":"00010","name":"1245ff","category":"","stock":0,"costCup":0,"costUsd":0,"saleCup":0,"saleUsd":0,"status":"out_of_stock","lowStockThreshold":10,"weightedCost":0,"useWeightedCost":true}
[2026-02-20T17:00:09.927Z] createProduct called with: {"sku":"00011","name":"123asd","category":"","stock":0,"costCup":0,"costUsd":0,"saleCup":0,"saleUsd":0,"status":"out_of_stock","lowStockThreshold":10,"weightedCost":0,"useWeightedCost":true}
[2026-02-20T17:00:12.596Z] createProduct called with: {"sku":"00012","name":"acac123","category":"","stock":0,"costCup":0,"costUsd":0,"saleCup":0,"saleUsd":0,"status":"out_of_stock","lowStockThreshold":10,"weightedCost":0,"useWeightedCost":true}
